<?xml version="1.0" encoding="UTF-8"?>
<!-- Generated by org.testng.reporters.JUnitReportReporter -->
<testsuite hostname="DESKTOP-GRCB15Q" failures="0" tests="1" name="ProductClass" time="0.874" errors="0" timestamp="2023-11-29T21:45:00 EET" skipped="0">
  <testcase classname="ProductClass" name="Test" time="0.874"/>
  <system-out/>
</testsuite> <!-- ProductClass -->
